<?xml version="1.0" encoding="UTF-8"?>
<testsuite xmlns:xsi="http://www.w3.org/2001/XMLSchema-instance" xsi:noNamespaceSchemaLocation="https://maven.apache.org/surefire/maven-surefire-plugin/xsd/surefire-test-report.xsd" version="3.0.1" name="com.example.model.RectangleTest" time="0.147" tests="3" errors="0" skipped="0" failures="0">
  <properties>
[...]
</properties>
  <testcase name="testConstructor_ZeroWidth_ThrowsException" classname="com.example.model.RectangleTest" time="0.051"/>
  <testcase name="testCalculateArea_PositiveDimensions" classname="com.example.model.RectangleTest" time="0.001"/>
  <testcase name="testConstructor_NegativeHeight_ThrowsException" classname="com.example.model.RectangleTest" time="0.002"/>
</testsuite>